0: Server starting with version 255
0: Starting server AFRT GT AMERICA TOUR 2 / Free Practice Server // afondoracingteam.com
0: Joining during race is allowed
0: Translated realtime interval hzToMiliseconds(18)=54

0: SessionManager::randomizeGreenFlagTriggers: s:0.890000 e:0.950000 r:0.913662
0: Track cota was set and updated
0: Event changed
0: SessionManager::randomizeGreenFlagTriggers: s:0.890000 e:0.950000 r:0.937576
0: Significant change detected, updating lobby (1|1)
0: Resetting weekend to friday night
0: Reset time to friday night: 0 -> 0
0: Reset time to first session: 0 -> 226800
0: SessionManager::randomizeGreenFlagTriggers: s:0.890000 e:0.950000 r:0.907886
0: Listening to TCP 9653 | UDP 9653
286: Trying to connect to lobby (0 times, interval 10000 s)
286: Session changed: Qualifying -> Qualifying 0
286: Detected sessionPhase <waiting for drivers> -> <waiting for drivers> (Qualifying)
21290: ==ERR: RegisterToLobby TCP connection failed, couldn't connect to the lobby server
21293: Trying to connect to lobby (1 times, interval 10000 s)
22562: RegisterToLobby succeeded
22565: Sent lobby registration request for cota
22838: TCPQueue now: 4
22838: New TCP incoming pakSizeMax, 0 => 2
22838: Updated lobby with 0 drivers
3366711: Udp message count (0 clients): 23=2, 
14188280: Udp message count (0 clients): 23=2, 
20981838: Udp message count (0 clients): 23=1, 
21462798: Udp message count (0 clients): 23=1, 
22905678: Udp message count (0 clients): 23=1, 
23687238: Udp message count (0 clients): 23=1, 
23987838: Udp message count (0 clients): 23=1, 
27595032: Udp message count (0 clients): 23=1, 
27835512: Udp message count (0 clients): 23=1, 
28797434: Udp message count (0 clients): 23=1, 
29158154: Udp message count (0 clients): 23=1, 
29218274: Udp message count (0 clients): 23=1, 
29278392: Udp message count (0 clients): 23=2, 
29819472: Udp message count (0 clients): 23=1, 
29999831: Udp message count (0 clients): 23=3, 
30059952: Udp message count (0 clients): 23=1, 
30180192: Udp message count (0 clients): 23=2, 
30420672: Udp message count (0 clients): 23=1, 
30480791: Udp message count (0 clients): 23=1, 
31021872: Udp message count (0 clients): 23=1, 
31502826: Udp message count (0 clients): 23=2, 
33186179: Udp message count (0 clients): 23=3, 
35410614: Udp message count (0 clients): 23=1, 
37394571: Udp message count (0 clients): 23=1, 
37454691: Udp message count (0 clients): 23=1, 
37995767: Udp message count (0 clients): 23=1, 
39558887: Udp message count (0 clients): 23=1, 
39619008: Udp message count (0 clients): 23=2, 
40701168: Udp message count (0 clients): 23=1, 
41001762: Udp message count (0 clients): 23=1, 
41362478: Udp message count (0 clients): 23=1, 
41602948: Udp message count (0 clients): 23=1, 
41843424: Udp message count (0 clients): 23=2, 
42305663: Server was running late for 1 step(s), not enough CPU power
42330203: Server was running late for 1 step(s), not enough CPU power
42338378: Server was running late for 1 step(s), not enough CPU power
43707120: Udp message count (0 clients): 23=1, 
43827360: Udp message count (0 clients): 23=1, 
47434523: Udp message count (0 clients): 200=1, 
48216075: Udp message count (0 clients): 200=1, 
52101149: Server was running late for 1 step(s), not enough CPU power
52202231: Server was running late for 1 step(s), not enough CPU power
53626800: Udp message count (0 clients): 23=1, 
53867271: Udp message count (0 clients): 23=1, 
54261741: New connection received 316
54261741: 1 client(s) online
54261744: TCPQueue now: 302
54261744: New TCP incoming pakSizeMax, 0 => 300
54261744: Located entryListId -1 for connection 0 S76561198361733457
54261744: New connection request: id 0 Guillermo Paret S76561198361733457 on car model 61
54261744: Creating new car connection: carId 1001, carModel 61, raceNumber #1
54261744: Special Rules for carid 1001: 
	max_total_driving_time is -1 (from -1), pitCount 0
54261744: startingTime is not set?
54261744: Starting stint for car 1001 driver 0 at 54261744.405900
54261744: Updated lobby with 1 drivers
54261744: Assigning gridNumber 1 to new carId 1001
54261744: Sent handshake response for car 1001 connection 0 with 1100 bytes
54261744: 1 Driver(s) detected, starting session
54261744: SessionManager::randomizeGreenFlagTriggers: s:0.045404 e:0.060588 r:0.045423
54261744: Detected sessionPhase <waiting for drivers> -> <pre session> (Qualifying)
54261744: Sent session update to lobby
54261744: Updated leaderboard for 1 clients (Qualifying-<pre session> 60 min)
54264744: Detected sessionPhase <session> -> <session> (Qualifying)
54264744: Sent session update to lobby
54268941: Associated: connId 0, now 54268941
54268983: Reset time offset for connection 0, new offset 54268925, diff 7181
54272373: Receives driver stint reset for car 1001
54272373: Ending stint: new total time for car 1001 driver 0 is 10357.094100
54272373: List of Stints for car 1001 driver 0
54272373: Stint 1 car 1001 driver 0 started 54261744.405900 ended 54272101.500000
54272431: Receives driver stint reset for car 1001
54272431: startingTime is not set?
54272431: Updated 0 clients with new carSystem for car 1001 (0l)
54272490: Updated 0 clients with new carSystem for car 1001 (16l)
54288102: Tcp message count (1 clients): 46=2, 50=1, 61=1, 79=2, 
54288102: Udp message count (1 clients): 19=1, 22=20, 23=1, 30=296, 
54291471: Receives driver stint reset for car 1001
54291471: startingTime is not set?
54318927: Receives driver stint reset for car 1001
54318927: startingTime is not set?
54318927: Starting stint for car 1001 driver 0 at 54318917.500000
54318987: Updated 0 clients with new carSystem for car 1001 (0l)
54348222: Tcp message count (1 clients): 46=1, 50=2, 61=1, 79=2, 
54348222: Udp message count (1 clients): 22=60, 30=1112, 
54350476: New Split: 54350458 for carId 1001 with lapstates: IsOutLap, IsInLap,  (raw 12)
54350476: CarID 1001 : new split on sector 0 (81533)
54350476: Lap carId 1001, driverId 0, lapTime 35791:23:647, timestampMS 54350458.000000, flags: %d12, S1 1:21:533, fuel 0.000000, InLap , OutLap 
54350476: Updated leaderboard for 1 clients (Qualifying-<session> 58 min)
54408342: Tcp message count (1 clients): 32=1, 61=2, 69=1, 
54408342: Udp message count (1 clients): 22=60, 30=1113, 
54408684: New Split: 54408654 for carId 1001 with lapstates: HasCut, IsOutLap, IsInLap,  (raw 13)
54408684: CarID 1001 : new split on sector 1 (58197)
54408684: Lap  carId 1001, driverId 0, lapTime 35791:23:647, timestampMS 54408654.000000, flags: %d13, S1 1:21:533, S2 0:58:197, fuel 0.000000, hasCut , InLap , OutLap 
54408684: Updated leaderboard for 1 clients (Qualifying-<session> 57 min)
54439401: Late lastUdpPaketReceived for connId 0: 2531 ms (Guillermo Paret)
54439800: ==ERR: TCP socket error detected 10053 

54439800: Client 0 closed the connection (10053)
54439803: Removing dead connection 0  (last lastUdpPaketReceived 2933)
54439803: Alive connections: 0
54439803: car 1001 has no driving connection anymore, will remove it
54439803: Updated lobby with 0 drivers
54439803: Alive cars: 0
54439803: 0 client(s) online
54439803: No drivers around, resetting session
54439803: Resetting race weekend
54439803: Resetting weekend to friday night
54439803: Reset time to friday night: 226978 -> 0
54439803: Reset time to first session: 0 -> 226800
54439803: SessionManager::randomizeGreenFlagTriggers: s:0.045404 e:0.060588 r:0.057684
54439803: Detected sessionPhase <session> -> <waiting for drivers> (Qualifying)
54439803: Sent session update to lobby
54468459: Udp message count (0 clients): 22=28, 23=1, 30=529, 
54528588: Udp message count (0 clients): 23=1, 
54769066: Udp message count (0 clients): 23=1, 
55129794: Udp message count (0 clients): 23=1, 
55670873: Udp message count (0 clients): 23=1, 
55681415: Server was running late for 1 step(s), not enough CPU power
56428877: Server was running late for 1 step(s), not enough CPU power
57594697: Udp message count (0 clients): 23=1, 
59390168: Server was running late for 1 step(s), not enough CPU power
64568562: Udp message count (0 clients): 23=1, 
65891184: Udp message count (0 clients): 23=1, 
65951301: Udp message count (0 clients): 23=1, 
66432261: Udp message count (0 clients): 23=1, 
68016248: Server was running late for 1 step(s), not enough CPU power
69378122: Udp message count (0 clients): 23=1, 
69678714: Udp message count (0 clients): 23=1, 
72083483: Udp message count (0 clients): 23=1, 
72738249: Server was running late for 1 step(s), not enough CPU power
75810909: Udp message count (0 clients): 23=1, 
76893060: Udp message count (0 clients): 23=1, 
82965111: Udp message count (0 clients): 23=1, 
84772178: Server was running late for 1 step(s), not enough CPU power
84856694: Server was running late for 1 step(s), not enough CPU power
84952115: Server was running late for 1 step(s), not enough CPU power
85117055: Server was running late for 1 step(s), not enough CPU power
85971099: Udp message count (0 clients): 23=1, 
87474096: Udp message count (0 clients): 23=1, 
87834810: Udp message count (0 clients): 23=1, 
89878872: Udp message count (0 clients): 23=1, 
90720546: Udp message count (0 clients): 23=1, 
90780666: Udp message count (0 clients): 23=1, 
90961026: Udp message count (0 clients): 23=1, 
91141380: Udp message count (0 clients): 23=1, 
91622340: Udp message count (0 clients): 23=1, 
91802703: Udp message count (0 clients): 23=1, 
95590253: Udp message count (0 clients): 23=1, 
96612273: Udp message count (0 clients): 23=1, 
97033110: Udp message count (0 clients): 23=1, 
97093230: Udp message count (0 clients): 23=1, 
97814669: Udp message count (0 clients): 23=1, 
98295632: Udp message count (0 clients): 23=1, 
98355752: Udp message count (0 clients): 23=1, 
98716472: Udp message count (0 clients): 23=1, 
99437907: Udp message count (0 clients): 23=2, 
101902707: Udp message count (0 clients): 23=1, 
102203307: Udp message count (0 clients): 23=1, 
103586067: Udp message count (0 clients): 23=1, 
109237137: Udp message count (0 clients): 23=2, 
110800247: Udp message count (0 clients): 23=1, 
110822030: Server was running late for 1 step(s), not enough CPU power
112363361: Udp message count (0 clients): 23=2, 
114527670: Udp message count (0 clients): 23=1, 
116509095: Server was running late for 1 step(s), not enough CPU power
117954501: Udp message count (0 clients): 23=1, 
118774641: Server was running late for 1 step(s), not enough CPU power
120058629: Udp message count (0 clients): 23=1, 
120539585: Udp message count (0 clients): 23=1, 
121161519: Server was running late for 1 step(s), not enough CPU power
121321133: Udp message count (0 clients): 23=1, 
121381254: Udp message count (0 clients): 23=2, 
122884248: Udp message count (0 clients): 23=1, 
123004488: Udp message count (0 clients): 23=1, 
123184845: Udp message count (0 clients): 23=1, 
123244962: Udp message count (0 clients): 23=1, 
123365201: Udp message count (0 clients): 23=1, 
123725919: Udp message count (0 clients): 23=1, 
124507470: Udp message count (0 clients): 23=1, 
124627706: Udp message count (0 clients): 23=1, 
124747946: Udp message count (0 clients): 23=1, 
125285039: Server was running late for 1 step(s), not enough CPU power
125830082: Udp message count (0 clients): 23=1, 
125890202: Udp message count (0 clients): 23=1, 
127730528: Server was running late for 1 step(s), not enough CPU power
128337782: ==ERR: TCP socket error detected 10054 

128337782: ==ERR: Lost tcp connection to lobby
128337785: Trying to connect to lobby (0 times, interval 10000 s)
128358785: ==ERR: RegisterToLobby TCP connection failed, couldn't connect to the lobby server
128358788: Trying to connect to lobby (1 times, interval 10000 s)
128379791: ==ERR: RegisterToLobby TCP connection failed, couldn't connect to the lobby server
128379794: Trying to connect to lobby (2 times, interval 13000 s)
128400794: ==ERR: RegisterToLobby TCP connection failed, couldn't connect to the lobby server
128412794: Trying to connect to lobby (3 times, interval 33000 s)
128433797: ==ERR: RegisterToLobby TCP connection failed, couldn't connect to the lobby server
128445797: Trying to connect to lobby (4 times, interval 31000 s)
128466800: ==ERR: RegisterToLobby TCP connection failed, couldn't connect to the lobby server
128476799: Trying to connect to lobby (5 times, interval 31000 s)
128478068: RegisterToLobby succeeded
128478071: Sent lobby registration request for cota
128478341: TCPQueue now: 4
128478341: New TCP incoming pakSizeMax, 0 => 2
128478341: Updated lobby with 0 drivers
128715783: Udp message count (0 clients): 23=1, 
128836023: Udp message count (0 clients): 23=2, 
128896143: Udp message count (0 clients): 23=1, 
130459255: Udp message count (0 clients): 23=1, 
131781904: Udp message count (0 clients): 23=1, 
132142617: Udp message count (0 clients): 23=1, 
132322980: Udp message count (0 clients): 23=3, 
132503337: Udp message count (0 clients): 23=1, 
136651533